<?xml version="1.0" encoding="UTF-8"?>
<!-- Generated by org.testng.reporters.JUnitXMLReporter -->
<testsuite ignored="0" hostname="DESKTOP-S6FMTD2" failures="0" tests="4" name="Test" time="100.487" errors="0" timestamp="2021-04-14T22:53:13 IST">
  <testcase classname="testCases.HomePageTest" name="contactUsPage_01" time="7.418"/>
  <testcase classname="testCases.HomePageTest" name="signInPage_01" time="10.321"/>
  <testcase classname="testCases.HomePageTest" name="signInPage_01" time="8.824"/>
  <testcase classname="testCases.HomePageTest" name="signInPage_01" time="8.832"/>
</testsuite> <!-- Test -->
