<?xml version="1.0" encoding="UTF-8"?>
<!-- Generated by org.testng.reporters.JUnitXMLReporter -->
<testsuite hostname="DESKTOP-S6FMTD2" ignored="2" name="Command line test" tests="6" failures="0" timestamp="2021-04-14T02:23:13 IST" time="69.492" errors="0">
  <testcase name="contactUsPage_01" time="5.134" classname="testCases.HomePageTest"/>
  <testcase name="signInPage_01" time="6.822" classname="testCases.HomePageTest"/>
  <testcase name="signInPage_01" time="6.599" classname="testCases.HomePageTest"/>
  <testcase name="signInPage_01" time="5.498" classname="testCases.HomePageTest"/>
  <testcase name="Login_01" time="0.003" classname="testCases.LogTest"/>
  <testcase name="Login_02" time="0.001" classname="testCases.LogTest"/>
  <testcase name="@AfterTest testafter" time="0.0" classname="base.TestBase">
    <ignored/>
  </testcase> <!-- @AfterTest testafter -->
  <testcase name="@BeforeTest testbefore" time="0.0" classname="base.TestBase">
    <ignored/>
  </testcase> <!-- @BeforeTest testbefore -->
</testsuite> <!-- Command line test -->
