<?xml version="1.0" encoding="UTF-8"?>
<!-- Generated by org.testng.reporters.JUnitXMLReporter -->
<testsuite ignored="1" hostname="Admin-PC" failures="1" tests="1" name="Test(failed)" time="37.954" errors="0" timestamp="2021-03-31T00:20:09 IST">
  <testcase classname="testCases.SignInWithExcelDataLog" name="LogInTestCase_02" time="20.067">
    <failure type="java.lang.AssertionError" message="expected [true] but found [false]">
      <![CDATA[java.lang.AssertionError: expected [true] but found [false]
at testCases.SignInWithExcelDataLog.LogInTestCase_02(SignInWithExcelDataLog.java:84)
at java.base/java.util.ArrayList.forEach(ArrayList.java:1511)
... Removed 31 stack frames]]>
    </failure>
  </testcase> <!-- LogInTestCase_02 -->
  <testcase classname="testCases.SignInWithExcelDataLog" name="LogInTestCase_01" time="0.0">
    <ignored/>
  </testcase> <!-- LogInTestCase_01 -->
</testsuite> <!-- Test(failed) -->
