<?xml version="1.0" encoding="UTF-8"?>
<testng-results ignored="0" total="4" passed="4" failed="0" skipped="0">
  <reporter-output>
  </reporter-output>
  <suite started-at="2021-04-14T22:51:33 IST" name="Suite" finished-at="2021-04-14T22:53:13 IST" duration-ms="100487">
    <groups>
      <group name="SmokeTest">
        <method signature="HomePageTest.contactUsPage_01()[pri:0, instance:testCases.HomePageTest@4c4d27c8]" name="contactUsPage_01" class="testCases.HomePageTest"/>
      </group> <!-- SmokeTest -->
      <group name="HomePage">
        <method signature="HomePageTest.contactUsPage_01()[pri:0, instance:testCases.HomePageTest@4c4d27c8]" name="contactUsPage_01" class="testCases.HomePageTest"/>
        <method signature="HomePageTest.signInPage_01()[pri:0, instance:testCases.HomePageTest@4c4d27c8]" name="signInPage_01" class="testCases.HomePageTest"/>
      </group> <!-- HomePage -->
      <group name="RegressionTest">
        <method signature="HomePageTest.contactUsPage_01()[pri:0, instance:testCases.HomePageTest@4c4d27c8]" name="contactUsPage_01" class="testCases.HomePageTest"/>
        <method signature="HomePageTest.signInPage_01()[pri:0, instance:testCases.HomePageTest@4c4d27c8]" name="signInPage_01" class="testCases.HomePageTest"/>
      </group> <!-- RegressionTest -->
    </groups>
    <test started-at="2021-04-14T22:51:33 IST" name="Test" finished-at="2021-04-14T22:53:13 IST" duration-ms="100487">
      <class name="testCases.HomePageTest">
        <test-method is-config="true" signature="testbefore()[pri:0, instance:testCases.HomePageTest@4c4d27c8]" started-at="2021-04-14T22:51:33 IST" name="testbefore" finished-at="2021-04-14T22:51:33 IST" duration-ms="648" status="PASS">
          <reporter-output>
          </reporter-output>
        </test-method> <!-- testbefore -->
        <test-method is-config="true" signature="beforeMethod()[pri:0, instance:testCases.HomePageTest@4c4d27c8]" started-at="2021-04-14T22:51:33 IST" name="beforeMethod" finished-at="2021-04-14T22:51:51 IST" duration-ms="17441" status="PASS">
          <reporter-output>
          </reporter-output>
        </test-method> <!-- beforeMethod -->
        <test-method signature="contactUsPage_01()[pri:0, instance:testCases.HomePageTest@4c4d27c8]" started-at="2021-04-14T22:51:51 IST" name="contactUsPage_01" finished-at="2021-04-14T22:51:58 IST" duration-ms="7418" status="PASS">
          <reporter-output>
          </reporter-output>
        </test-method> <!-- contactUsPage_01 -->
        <test-method is-config="true" signature="closeBrowser()[pri:0, instance:testCases.HomePageTest@4c4d27c8]" started-at="2021-04-14T22:51:58 IST" name="closeBrowser" finished-at="2021-04-14T22:51:59 IST" duration-ms="1221" status="PASS">
          <reporter-output>
          </reporter-output>
        </test-method> <!-- closeBrowser -->
        <test-method is-config="true" signature="beforeMethod()[pri:0, instance:testCases.HomePageTest@4c4d27c8]" started-at="2021-04-14T22:51:59 IST" name="beforeMethod" finished-at="2021-04-14T22:52:13 IST" duration-ms="13309" status="PASS">
          <reporter-output>
          </reporter-output>
        </test-method> <!-- beforeMethod -->
        <test-method signature="signInPage_01()[pri:0, instance:testCases.HomePageTest@4c4d27c8]" started-at="2021-04-14T22:52:13 IST" name="signInPage_01" finished-at="2021-04-14T22:52:23 IST" duration-ms="10321" status="PASS">
          <reporter-output>
          </reporter-output>
        </test-method> <!-- signInPage_01 -->
        <test-method is-config="true" signature="closeBrowser()[pri:0, instance:testCases.HomePageTest@4c4d27c8]" started-at="2021-04-14T22:52:23 IST" name="closeBrowser" finished-at="2021-04-14T22:52:24 IST" duration-ms="826" status="PASS">
          <reporter-output>
          </reporter-output>
        </test-method> <!-- closeBrowser -->
        <test-method is-config="true" signature="beforeMethod()[pri:0, instance:testCases.HomePageTest@4c4d27c8]" started-at="2021-04-14T22:52:24 IST" name="beforeMethod" finished-at="2021-04-14T22:52:38 IST" duration-ms="13695" status="PASS">
          <reporter-output>
          </reporter-output>
        </test-method> <!-- beforeMethod -->
        <test-method signature="signInPage_01()[pri:0, instance:testCases.HomePageTest@4c4d27c8]" started-at="2021-04-14T22:52:38 IST" name="signInPage_01" finished-at="2021-04-14T22:52:46 IST" duration-ms="8824" status="PASS">
          <reporter-output>
          </reporter-output>
        </test-method> <!-- signInPage_01 -->
        <test-method is-config="true" signature="closeBrowser()[pri:0, instance:testCases.HomePageTest@4c4d27c8]" started-at="2021-04-14T22:52:46 IST" name="closeBrowser" finished-at="2021-04-14T22:52:47 IST" duration-ms="877" status="PASS">
          <reporter-output>
          </reporter-output>
        </test-method> <!-- closeBrowser -->
        <test-method is-config="true" signature="beforeMethod()[pri:0, instance:testCases.HomePageTest@4c4d27c8]" started-at="2021-04-14T22:52:47 IST" name="beforeMethod" finished-at="2021-04-14T22:53:03 IST" duration-ms="16100" status="PASS">
          <reporter-output>
          </reporter-output>
        </test-method> <!-- beforeMethod -->
        <test-method signature="signInPage_01()[pri:0, instance:testCases.HomePageTest@4c4d27c8]" started-at="2021-04-14T22:53:03 IST" name="signInPage_01" finished-at="2021-04-14T22:53:12 IST" duration-ms="8832" status="PASS">
          <reporter-output>
          </reporter-output>
        </test-method> <!-- signInPage_01 -->
        <test-method is-config="true" signature="closeBrowser()[pri:0, instance:testCases.HomePageTest@4c4d27c8]" started-at="2021-04-14T22:53:12 IST" name="closeBrowser" finished-at="2021-04-14T22:53:13 IST" duration-ms="828" status="PASS">
          <reporter-output>
          </reporter-output>
        </test-method> <!-- closeBrowser -->
        <test-method is-config="true" signature="testafter()[pri:0, instance:testCases.HomePageTest@4c4d27c8]" started-at="2021-04-14T22:53:13 IST" name="testafter" finished-at="2021-04-14T22:53:13 IST" duration-ms="37" status="PASS">
          <reporter-output>
          </reporter-output>
        </test-method> <!-- testafter -->
      </class> <!-- testCases.HomePageTest -->
    </test> <!-- Test -->
  </suite> <!-- Suite -->
</testng-results>
